# JRE version: Java(TM) SE Runtime Environment (8.0-b132) (build 1.8.0-b132)
# Java VM: Java HotSpot(TM) 64-Bit Server VM (25.0-b70 mixed mode windows-amd64 compressed oops)
Heap:
 PSYoungGen      total 82432K, used 11778K [0x00000000d5800000, 0x00000000dbb00000, 0x0000000100000000)
  eden space 63488K, 12% used [0x00000000d5800000,0x00000000d5fc8938,0x00000000d9600000)
  from space 18944K, 20% used [0x00000000da880000,0x00000000dac380a0,0x00000000dbb00000)
  to   space 18944K, 0% used [0x00000000d9600000,0x00000000d9600000,0x00000000da880000)
 ParOldGen       total 100352K, used 72326K [0x0000000080800000, 0x0000000086a00000, 0x00000000d5800000)
  object space 100352K, 72% used [0x0000000080800000,0x0000000084ea1ae8,0x0000000086a00000)
 Metaspace       used 43572K, capacity 43982K, committed 44288K, reserved 1087488K
  class space    used 5661K, capacity 5773K, committed 5888K, reserved 1048576K
GC Heap History (10 events):
Event: 8.345 GC heap before
{Heap before GC invocations=39 (full 5):
 PSYoungGen      total 81920K, used 65408K [0x00000000d5800000, 0x00000000dbf00000, 0x0000000100000000)
  eden space 58368K, 100% used [0x00000000d5800000,0x00000000d9100000,0x00000000d9100000)
  from space 23552K, 29% used [0x00000000d9100000,0x00000000d97e0110,0x00000000da800000)
  to   space 22528K, 0% used [0x00000000da900000,0x00000000da900000,0x00000000dbf00000)
 ParOldGen       total 100352K, used 68845K [0x0000000080800000, 0x0000000086a00000, 0x00000000d5800000)
  object space 100352K, 68% used [0x0000000080800000,0x0000000084b3b640,0x0000000086a00000)
 Metaspace       used 42998K, capacity 43336K, committed 43648K, reserved 1087488K
  class space    used 5637K, capacity 5708K, committed 5760K, reserved 1048576K
Event: 8.348 GC heap after
Heap after GC invocations=39 (full 5):
 PSYoungGen      total 80896K, used 10272K [0x00000000d5800000, 0x00000000dbd00000, 0x0000000100000000)
  eden space 60416K, 0% used [0x00000000d5800000,0x00000000d5800000,0x00000000d9300000)
  from space 20480K, 50% used [0x00000000da900000,0x00000000db308150,0x00000000dbd00000)
  to   space 21504K, 0% used [0x00000000d9300000,0x00000000d9300000,0x00000000da800000)
 ParOldGen       total 100352K, used 68853K [0x0000000080800000, 0x0000000086a00000, 0x00000000d5800000)
  object space 100352K, 68% used [0x0000000080800000,0x0000000084b3d640,0x0000000086a00000)
 Metaspace       used 42998K, capacity 43336K, committed 43648K, reserved 1087488K
  class space    used 5637K, capacity 5708K, committed 5760K, reserved 1048576K
}
Event: 9.271 GC heap before
{Heap before GC invocations=40 (full 5):
 PSYoungGen      total 80896K, used 70688K [0x00000000d5800000, 0x00000000dbd00000, 0x0000000100000000)
  eden space 60416K, 100% used [0x00000000d5800000,0x00000000d9300000,0x00000000d9300000)
  from space 20480K, 50% used [0x00000000da900000,0x00000000db308150,0x00000000dbd00000)
  to   space 21504K, 0% used [0x00000000d9300000,0x00000000d9300000,0x00000000da800000)
 ParOldGen       total 100352K, used 68853K [0x0000000080800000, 0x0000000086a00000, 0x00000000d5800000)
  object space 100352K, 68% used [0x0000000080800000,0x0000000084b3d640,0x0000000086a00000)
 Metaspace       used 43050K, capacity 43400K, committed 43648K, reserved 1087488K
  class space    used 5637K, capacity 5708K, committed 5760K, reserved 1048576K
Event: 9.274 GC heap after
Heap after GC invocations=40 (full 5):
 PSYoungGen      total 81920K, used 7184K [0x00000000d5800000, 0x00000000dbd80000, 0x0000000100000000)
  eden space 60416K, 0% used [0x00000000d5800000,0x00000000d5800000,0x00000000d9300000)
  from space 21504K, 33% used [0x00000000d9300000,0x00000000d9a04100,0x00000000da800000)
  to   space 20992K, 0% used [0x00000000da900000,0x00000000da900000,0x00000000dbd80000)
 ParOldGen       total 100352K, used 68861K [0x0000000080800000, 0x0000000086a00000, 0x00000000d5800000)
  object space 100352K, 68% used [0x0000000080800000,0x0000000084b3f640,0x0000000086a00000)
 Metaspace       used 43050K, capacity 43400K, committed 43648K, reserved 1087488K
  class space    used 5637K, capacity 5708K, committed 5760K, reserved 1048576K
}
Event: 10.827 GC heap before
{Heap before GC invocations=41 (full 5):
 PSYoungGen      total 81920K, used 67600K [0x00000000d5800000, 0x00000000dbd80000, 0x0000000100000000)
  eden space 60416K, 100% used [0x00000000d5800000,0x00000000d9300000,0x00000000d9300000)
  from space 21504K, 33% used [0x00000000d9300000,0x00000000d9a04100,0x00000000da800000)
  to   space 20992K, 0% used [0x00000000da900000,0x00000000da900000,0x00000000dbd80000)
 ParOldGen       total 100352K, used 68861K [0x0000000080800000, 0x0000000086a00000, 0x00000000d5800000)
  object space 100352K, 68% used [0x0000000080800000,0x0000000084b3f640,0x0000000086a00000)
 Metaspace       used 43113K, capacity 43470K, committed 43648K, reserved 1087488K
  class space    used 5638K, capacity 5709K, committed 5760K, reserved 1048576K
Event: 10.830 GC heap after
Heap after GC invocations=41 (full 5):
 PSYoungGen      total 80896K, used 7184K [0x00000000d5800000, 0x00000000dbb80000, 0x0000000100000000)
  eden space 61952K, 0% used [0x00000000d5800000,0x00000000d5800000,0x00000000d9480000)
  from space 18944K, 37% used [0x00000000da900000,0x00000000db004120,0x00000000dbb80000)
  to   space 19968K, 0% used [0x00000000d9480000,0x00000000d9480000,0x00000000da800000)
 ParOldGen       total 100352K, used 68869K [0x0000000080800000, 0x0000000086a00000, 0x00000000d5800000)
  object space 100352K, 68% used [0x0000000080800000,0x0000000084b41640,0x0000000086a00000)
 Metaspace       used 43113K, capacity 43470K, committed 43648K, reserved 1087488K
  class space    used 5638K, capacity 5709K, committed 5760K, reserved 1048576K
}
Event: 12.573 GC heap before
{Heap before GC invocations=42 (full 5):
 PSYoungGen      total 80896K, used 69136K [0x00000000d5800000, 0x00000000dbb80000, 0x0000000100000000)
  eden space 61952K, 100% used [0x00000000d5800000,0x00000000d9480000,0x00000000d9480000)
  from space 18944K, 37% used [0x00000000da900000,0x00000000db004120,0x00000000dbb80000)
  to   space 19968K, 0% used [0x00000000d9480000,0x00000000d9480000,0x00000000da800000)
 ParOldGen       total 100352K, used 68872K [0x0000000080800000, 0x0000000086a00000, 0x00000000d5800000)
  object space 100352K, 68% used [0x0000000080800000,0x0000000084b42010,0x0000000086a00000)
 Metaspace       used 43163K, capacity 43470K, committed 43648K, reserved 1087488K
  class space    used 5638K, capacity 5709K, committed 5760K, reserved 1048576K
Event: 12.593 GC heap after
Heap after GC invocations=42 (full 5):
 PSYoungGen      total 81920K, used 7184K [0x00000000d5800000, 0x00000000dbb00000, 0x0000000100000000)
  eden space 61952K, 0% used [0x00000000d5800000,0x00000000d5800000,0x00000000d9480000)
  from space 19968K, 35% used [0x00000000d9480000,0x00000000d9b84120,0x00000000da800000)
  to   space 18944K, 0% used [0x00000000da880000,0x00000000da880000,0x00000000dbb00000)
 ParOldGen       total 100352K, used 68880K [0x0000000080800000, 0x0000000086a00000, 0x00000000d5800000)
  object space 100352K, 68% used [0x0000000080800000,0x0000000084b44010,0x0000000086a00000)
 Metaspace       used 43163K, capacity 43470K, committed 43648K, reserved 1087488K
  class space    used 5638K, capacity 5709K, committed 5760K, reserved 1048576K
}
Event: 13.545 GC heap before
{Heap before GC invocations=43 (full 5):
 PSYoungGen      total 81920K, used 69136K [0x00000000d5800000, 0x00000000dbb00000, 0x0000000100000000)
  eden space 61952K, 100% used [0x00000000d5800000,0x00000000d9480000,0x00000000d9480000)
  from space 19968K, 35% used [0x00000000d9480000,0x00000000d9b84120,0x00000000da800000)
  to   space 18944K, 0% used [0x00000000da880000,0x00000000da880000,0x00000000dbb00000)
 ParOldGen       total 100352K, used 68882K [0x0000000080800000, 0x0000000086a00000, 0x00000000d5800000)
  object space 100352K, 68% used [0x0000000080800000,0x0000000084b44a08,0x0000000086a00000)
 Metaspace       used 43314K, capacity 43662K, committed 43904K, reserved 1087488K
  class space    used 5640K, capacity 5709K, committed 5760K, reserved 1048576K
Event: 13.551 GC heap after
Heap after GC invocations=43 (full 5):
 PSYoungGen      total 82432K, used 3808K [0x00000000d5800000, 0x00000000dbb00000, 0x0000000100000000)
  eden space 63488K, 0% used [0x00000000d5800000,0x00000000d5800000,0x00000000d9600000)
  from space 18944K, 20% used [0x00000000da880000,0x00000000dac380a0,0x00000000dbb00000)
  to   space 18944K, 0% used [0x00000000d9600000,0x00000000d9600000,0x00000000da880000)
 ParOldGen       total 100352K, used 72326K [0x0000000080800000, 0x0000000086a00000, 0x00000000d5800000)
  object space 100352K, 72% used [0x0000000080800000,0x0000000084ea1ae8,0x0000000086a00000)
 Metaspace       used 43314K, capacity 43662K, committed 43904K, reserved 1087488K
  class space    used 5640K, capacity 5709K, committed 5760K, reserved 1048576K
}

