# JRE version: Java(TM) SE Runtime Environment (8.0-b132) (build 1.8.0-b132)
# Java VM: Java HotSpot(TM) 64-Bit Server VM (25.0-b70 mixed mode windows-amd64 compressed oops)
Heap:
 PSYoungGen      total 87552K, used 10980K [0x00000000d5800000, 0x00000000dc780000, 0x0000000100000000)
  eden space 61440K, 8% used [0x00000000d5800000,0x00000000d5d1de80,0x00000000d9400000)
  from space 26112K, 21% used [0x00000000d9400000,0x00000000d999b560,0x00000000dad80000)
  to   space 25088K, 0% used [0x00000000daf00000,0x00000000daf00000,0x00000000dc780000)
 ParOldGen       total 77312K, used 53341K [0x0000000080800000, 0x0000000085380000, 0x00000000d5800000)
  object space 77312K, 68% used [0x0000000080800000,0x0000000083c17598,0x0000000085380000)
 Metaspace       used 44688K, capacity 45189K, committed 45440K, reserved 1089536K
  class space    used 5832K, capacity 5954K, committed 6016K, reserved 1048576K
GC Heap History (10 events):
Event: 3.476 GC heap before
{Heap before GC invocations=30 (full 5):
 PSYoungGen      total 75776K, used 21503K [0x00000000d5800000, 0x00000000dcb80000, 0x0000000100000000)
  eden space 54272K, 0% used [0x00000000d5800000,0x00000000d5800000,0x00000000d8d00000)
  from space 21504K, 99% used [0x00000000d8d00000,0x00000000da1ffc80,0x00000000da200000)
  to   space 29696K, 0% used [0x00000000dae80000,0x00000000dae80000,0x00000000dcb80000)
 ParOldGen       total 56832K, used 46250K [0x0000000080800000, 0x0000000083f80000, 0x00000000d5800000)
  object space 56832K, 81% used [0x0000000080800000,0x000000008352abb0,0x0000000083f80000)
 Metaspace       used 41899K, capacity 42391K, committed 42624K, reserved 1085440K
  class space    used 5598K, capacity 5715K, committed 5760K, reserved 1048576K
Event: 3.516 GC heap after
Heap after GC invocations=30 (full 5):
 PSYoungGen      total 75776K, used 0K [0x00000000d5800000, 0x00000000dcb80000, 0x0000000100000000)
  eden space 54272K, 0% used [0x00000000d5800000,0x00000000d5800000,0x00000000d8d00000)
  from space 21504K, 0% used [0x00000000d8d00000,0x00000000d8d00000,0x00000000da200000)
  to   space 29696K, 0% used [0x00000000dae80000,0x00000000dae80000,0x00000000dcb80000)
 ParOldGen       total 77312K, used 52912K [0x0000000080800000, 0x0000000085380000, 0x00000000d5800000)
  object space 77312K, 68% used [0x0000000080800000,0x0000000083bac118,0x0000000085380000)
 Metaspace       used 41899K, capacity 42391K, committed 42624K, reserved 1085440K
  class space    used 5598K, capacity 5715K, committed 5760K, reserved 1048576K
}
Event: 3.701 GC heap before
{Heap before GC invocations=31 (full 5):
 PSYoungGen      total 75776K, used 54272K [0x00000000d5800000, 0x00000000dcb80000, 0x0000000100000000)
  eden space 54272K, 100% used [0x00000000d5800000,0x00000000d8d00000,0x00000000d8d00000)
  from space 21504K, 0% used [0x00000000d8d00000,0x00000000d8d00000,0x00000000da200000)
  to   space 29696K, 0% used [0x00000000dae80000,0x00000000dae80000,0x00000000dcb80000)
 ParOldGen       total 77312K, used 52912K [0x0000000080800000, 0x0000000085380000, 0x00000000d5800000)
  object space 77312K, 68% used [0x0000000080800000,0x0000000083bac118,0x0000000085380000)
 Metaspace       used 42044K, capacity 42525K, committed 42880K, reserved 1087488K
  class space    used 5617K, capacity 5716K, committed 5760K, reserved 1048576K
Event: 3.704 GC heap after
Heap after GC invocations=31 (full 5):
 PSYoungGen      total 86528K, used 12057K [0x00000000d5800000, 0x00000000dca00000, 0x0000000100000000)
  eden space 58368K, 0% used [0x00000000d5800000,0x00000000d5800000,0x00000000d9100000)
  from space 28160K, 42% used [0x00000000dae80000,0x00000000dba46588,0x00000000dca00000)
  to   space 29184K, 0% used [0x00000000d9100000,0x00000000d9100000,0x00000000dad80000)
 ParOldGen       total 77312K, used 52920K [0x0000000080800000, 0x0000000085380000, 0x00000000d5800000)
  object space 77312K, 68% used [0x0000000080800000,0x0000000083bae118,0x0000000085380000)
 Metaspace       used 42044K, capacity 42525K, committed 42880K, reserved 1087488K
  class space    used 5617K, capacity 5716K, committed 5760K, reserved 1048576K
}
Event: 7.948 GC heap before
{Heap before GC invocations=32 (full 5):
 PSYoungGen      total 86528K, used 70425K [0x00000000d5800000, 0x00000000dca00000, 0x0000000100000000)
  eden space 58368K, 100% used [0x00000000d5800000,0x00000000d9100000,0x00000000d9100000)
  from space 28160K, 42% used [0x00000000dae80000,0x00000000dba46588,0x00000000dca00000)
  to   space 29184K, 0% used [0x00000000d9100000,0x00000000d9100000,0x00000000dad80000)
 ParOldGen       total 77312K, used 52920K [0x0000000080800000, 0x0000000085380000, 0x00000000d5800000)
  object space 77312K, 68% used [0x0000000080800000,0x0000000083bae118,0x0000000085380000)
 Metaspace       used 43414K, capacity 43887K, committed 44288K, reserved 1087488K
  class space    used 5753K, capacity 5847K, committed 5888K, reserved 1048576K
Event: 7.950 GC heap after
Heap after GC invocations=32 (full 5):
 PSYoungGen      total 87552K, used 5583K [0x00000000d5800000, 0x00000000dca80000, 0x0000000100000000)
  eden space 58368K, 0% used [0x00000000d5800000,0x00000000d5800000,0x00000000d9100000)
  from space 29184K, 19% used [0x00000000d9100000,0x00000000d9673cd0,0x00000000dad80000)
  to   space 27648K, 0% used [0x00000000daf80000,0x00000000daf80000,0x00000000dca80000)
 ParOldGen       total 77312K, used 52928K [0x0000000080800000, 0x0000000085380000, 0x00000000d5800000)
  object space 77312K, 68% used [0x0000000080800000,0x0000000083bb0118,0x0000000085380000)
 Metaspace       used 43414K, capacity 43887K, committed 44288K, reserved 1087488K
  class space    used 5753K, capacity 5847K, committed 5888K, reserved 1048576K
}
Event: 15.400 GC heap before
{Heap before GC invocations=33 (full 5):
 PSYoungGen      total 87552K, used 63951K [0x00000000d5800000, 0x00000000dca80000, 0x0000000100000000)
  eden space 58368K, 100% used [0x00000000d5800000,0x00000000d9100000,0x00000000d9100000)
  from space 29184K, 19% used [0x00000000d9100000,0x00000000d9673cd0,0x00000000dad80000)
  to   space 27648K, 0% used [0x00000000daf80000,0x00000000daf80000,0x00000000dca80000)
 ParOldGen       total 77312K, used 52928K [0x0000000080800000, 0x0000000085380000, 0x00000000d5800000)
  object space 77312K, 68% used [0x0000000080800000,0x0000000083bb0118,0x0000000085380000)
 Metaspace       used 43647K, capacity 44091K, committed 44288K, reserved 1087488K
  class space    used 5754K, capacity 5849K, committed 5888K, reserved 1048576K
Event: 15.404 GC heap after
Heap after GC invocations=33 (full 5):
 PSYoungGen      total 85504K, used 5536K [0x00000000d5800000, 0x00000000dc700000, 0x0000000100000000)
  eden space 61440K, 0% used [0x00000000d5800000,0x00000000d5800000,0x00000000d9400000)
  from space 24064K, 23% used [0x00000000daf80000,0x00000000db4e8070,0x00000000dc700000)
  to   space 26112K, 0% used [0x00000000d9400000,0x00000000d9400000,0x00000000dad80000)
 ParOldGen       total 77312K, used 52936K [0x0000000080800000, 0x0000000085380000, 0x00000000d5800000)
  object space 77312K, 68% used [0x0000000080800000,0x0000000083bb2118,0x0000000085380000)
 Metaspace       used 43647K, capacity 44091K, committed 44288K, reserved 1087488K
  class space    used 5754K, capacity 5849K, committed 5888K, reserved 1048576K
}
Event: 21.221 GC heap before
{Heap before GC invocations=34 (full 5):
 PSYoungGen      total 85504K, used 66976K [0x00000000d5800000, 0x00000000dc700000, 0x0000000100000000)
  eden space 61440K, 100% used [0x00000000d5800000,0x00000000d9400000,0x00000000d9400000)
  from space 24064K, 23% used [0x00000000daf80000,0x00000000db4e8070,0x00000000dc700000)
  to   space 26112K, 0% used [0x00000000d9400000,0x00000000d9400000,0x00000000dad80000)
 ParOldGen       total 77312K, used 53333K [0x0000000080800000, 0x0000000085380000, 0x00000000d5800000)
  object space 77312K, 68% used [0x0000000080800000,0x0000000083c15598,0x0000000085380000)
 Metaspace       used 44326K, capacity 44741K, committed 45184K, reserved 1089536K
  class space    used 5816K, capacity 5890K, committed 6016K, reserved 1048576K
Event: 21.225 GC heap after
Heap after GC invocations=34 (full 5):
 PSYoungGen      total 87552K, used 5741K [0x00000000d5800000, 0x00000000dc780000, 0x0000000100000000)
  eden space 61440K, 0% used [0x00000000d5800000,0x00000000d5800000,0x00000000d9400000)
  from space 26112K, 21% used [0x00000000d9400000,0x00000000d999b560,0x00000000dad80000)
  to   space 25088K, 0% used [0x00000000daf00000,0x00000000daf00000,0x00000000dc780000)
 ParOldGen       total 77312K, used 53341K [0x0000000080800000, 0x0000000085380000, 0x00000000d5800000)
  object space 77312K, 68% used [0x0000000080800000,0x0000000083c17598,0x0000000085380000)
 Metaspace       used 44326K, capacity 44741K, committed 45184K, reserved 1089536K
  class space    used 5816K, capacity 5890K, committed 6016K, reserved 1048576K
}

